2018-04-22 10:17:52.4441|INFO|Zetalex.AutoNotifier.MainService|Service Started
2018-04-22 10:18:30.3650|INFO|RoutineStatusJob|Starting job execution for rule_id : 5 , rule name : new rule on table : tblstage
2018-04-22 10:18:53.0017|INFO|NotifierJob|Starting job execution for rule_id : 5 , rule name : new rule on table : tblstage, last processed id was : 21468
2018-04-22 10:18:57.8070|INFO|RoutineStatusJob|Routine Status Msg = This is warning
RecNo:21468
Temp1:
Temp2:20

2018-04-22 10:19:52.1980|INFO|Zetalex.AutoNotifier.MainService|Service Started
2018-04-22 10:20:20.3280|INFO|NotifierJob|Starting job execution for rule_id : 5 , rule name : new rule on table : tblstage, last processed id was : 21468
2018-04-22 10:20:20.3593|INFO|RoutineStatusJob|Starting job execution for rule_id : 5 , rule name : new rule on table : tblstage
2018-04-22 10:20:27.6859|INFO|NotifierJob|There is no violations in this execution
2018-04-22 10:20:29.8649|INFO|NotifierJob|Exiting for job rule_id : 5 , rule name : new rule on table : tblstage
2018-04-22 10:21:15.7432|INFO|Zetalex.AutoNotifier.MainService|Service Started
2018-04-22 10:21:39.2622|INFO|NotifierJob|Starting job execution for rule_id : 5 , rule name : new rule on table : tblstage, last processed id was : 21468
2018-04-22 10:21:39.2923|INFO|RoutineStatusJob|Starting job execution for rule_id : 5 , rule name : new rule on table : tblstage
2018-04-22 10:21:39.7811|INFO|NotifierJob|There is no violations in this execution
2018-04-22 10:21:39.7951|INFO|RoutineStatusJob|Routine Status Msg = This is warning
Temp1:
Temp2:20

2018-04-22 10:21:40.5787|INFO|NotifierJob|Exiting for job rule_id : 5 , rule name : new rule on table : tblstage
2018-04-22 10:21:40.5787|INFO|RoutineStatusJob|Checking internet connectivity by ping : google.com
2018-04-22 10:22:58.7649|INFO|RoutineStatusJob|Internet connectivity found
2018-04-22 10:24:18.3464|INFO|Zetalex.AutoNotifier.MainService|Service Started
2018-04-22 10:24:43.1119|INFO|RoutineStatusJob|Starting job execution for rule_id : 5 , rule name : new rule on table : tblstage
2018-04-22 10:24:54.4673|INFO|NotifierJob|Starting job execution for rule_id : 5 , rule name : new rule on table : tblstage, last processed id was : 21468
2018-04-22 10:24:58.0477|INFO|RoutineStatusJob|Routine Status Msg = This is warning
Temp1:
Temp2:20

2018-04-22 10:24:58.0477|INFO|RoutineStatusJob|Checking internet connectivity by ping : google.com
2018-04-22 10:25:17.4842|INFO|RoutineStatusJob|Internet connectivity found
2018-04-22 10:25:21.0008|INFO|NotifierJob|There is no violations in this execution
2018-04-22 10:25:23.3809|INFO|NotifierJob|Exiting for job rule_id : 5 , rule name : new rule on table : tblstage
2018-04-22 10:25:56.4310|INFO|NotifierJob|Starting job execution for rule_id : 5 , rule name : new rule on table : tblstage, last processed id was : 21468
2018-04-22 10:26:02.6875|INFO|NotifierJob|Mega Plant
found @PresentValue@ for @ColumnName@
where limit is @Criteria@, recNo @RecNo@
2018-04-22 10:26:02.7032|INFO|NotifierJob|Mega Plant
found @PresentValue@ for @ColumnName@
where limit is @Criteria@, recNo @RecNo@
2018-04-22 10:26:24.8964|INFO|Zetalex.AutoNotifier.MainService|Service Started
2018-04-22 10:26:31.7418|INFO|RoutineStatusJob|Starting job execution for rule_id : 5 , rule name : new rule on table : tblstage
2018-04-22 10:26:35.4332|INFO|NotifierJob|Starting job execution for rule_id : 5 , rule name : new rule on table : tblstage, last processed id was : 21468
2018-04-22 10:26:36.8862|INFO|RoutineStatusJob|Routine Status Msg = This is warning
Temp1:85
Temp2:76

2018-04-22 10:26:39.8301|INFO|RoutineStatusJob|Checking internet connectivity by ping : google.com
2018-04-22 10:26:48.3619|INFO|RoutineStatusJob|Internet connectivity found
2018-04-22 10:27:33.7439|INFO|Zetalex.AutoNotifier.MainService|Service Started
2018-04-22 10:27:37.7295|INFO|RoutineStatusJob|Starting job execution for rule_id : 5 , rule name : new rule on table : tblstage
2018-04-22 10:27:37.7295|INFO|NotifierJob|Starting job execution for rule_id : 5 , rule name : new rule on table : tblstage, last processed id was : 21468
2018-04-22 10:27:37.7829|INFO|RoutineStatusJob|Routine Status Msg = This is warning
Temp1:85
Temp2:76

2018-04-22 10:27:37.7829|INFO|RoutineStatusJob|Checking internet connectivity by ping : google.com
2018-04-22 10:27:42.2231|INFO|RoutineStatusJob|Internet connectivity found
2018-04-22 10:28:00.2671|INFO|NotifierJob|Mega Plant
found 85 for Temp1
where limit is >55, recNo 21469
2018-04-22 10:28:03.9609|INFO|NotifierJob|Mega Plant
found 76 for Temp2
where limit is >35, recNo 21469
2018-04-22 10:28:11.9751|INFO|NotifierJob|Checking internet connectivity by ping : google.com
2018-04-22 10:28:14.0772|INFO|NotifierJob|Internet connectivity found
2018-04-22 10:30:16.2144|INFO|NotifierJob|Exiting for job rule_id : 5 , rule name : new rule on table : tblstage
2018-04-22 10:37:10.7963|INFO|Zetalex.AutoNotifier.MainService|Service Started
2018-04-22 10:37:10.8144|INFO|RoutineStatusJob|Starting job execution for rule_id : 5 , rule name : new rule on table : tblstage
2018-04-22 10:37:10.8613|INFO|RoutineStatusJob|Routine Status Msg = This is warning
Temp1:85
Temp2:76

2018-04-22 10:37:10.8613|INFO|RoutineStatusJob|Checking internet connectivity by ping : google.com
2018-04-22 10:37:10.8926|INFO|RoutineStatusJob|Internet connectivity found
2018-04-22 10:47:10.8348|INFO|RoutineStatusJob|Starting job execution for rule_id : 5 , rule name : new rule on table : tblstage
2018-04-22 10:47:10.8348|INFO|RoutineStatusJob|Routine Status Msg = This is warning
Temp1:85
Temp2:76

2018-04-22 10:47:10.8348|INFO|RoutineStatusJob|Checking internet connectivity by ping : google.com
2018-04-22 10:47:10.8666|INFO|RoutineStatusJob|Internet connectivity found
2018-04-22 11:34:07.3074|INFO|Zetalex.AutoNotifier.MainService|Service Started
2018-04-22 11:34:07.3240|INFO|RoutineStatusJob|Starting job execution for rule_id : 6 , rule name : Rahul on table : tblstage
2018-04-22 11:34:07.3859|INFO|RoutineStatusJob|Routine Status Msg = Custom routine sms heading
Temp2:76
Temp3:

2018-04-22 11:34:07.3859|INFO|RoutineStatusJob|Checking internet connectivity by ping : google.com
2018-04-22 11:34:07.4172|INFO|RoutineStatusJob|Internet connectivity found
2018-04-22 11:37:40.7641|INFO|Zetalex.AutoNotifier.MainService|Service Started
2018-04-22 11:37:42.4991|INFO|NotifierJob|Starting job execution for rule_id : 6 , rule name : Rahul on table : tblstage, last processed id was : 21468
2018-04-22 11:37:57.0057|INFO|NotifierJob|Mega Plant
Here we found 76 temperature  for Temp2
where limit is >15
2018-04-22 11:38:08.8979|INFO|NotifierJob|Checking internet connectivity by ping : google.com
2018-04-22 11:38:09.7459|INFO|NotifierJob|Internet connectivity found
2018-04-22 11:38:33.1428|INFO|NotifierJob|Exiting for job rule_id : 6 , rule name : Rahul on table : tblstage
